C:\Users\Haadi\Documents\GitHub\MedCare\MedCare\MedCare.Ang\dist\out-tsc\src\app\app.component.js
C:\Users\Haadi\Documents\GitHub\MedCare\MedCare\MedCare.Ang\dist\out-tsc\src\app\app.component.js.map
C:\Users\Haadi\Documents\GitHub\MedCare\MedCare\MedCare.Ang\dist\out-tsc\src\app\services\auth.service.js
C:\Users\Haadi\Documents\GitHub\MedCare\MedCare\MedCare.Ang\dist\out-tsc\src\app\services\auth.service.js.map
C:\Users\Haadi\Documents\GitHub\MedCare\MedCare\MedCare.Ang\dist\out-tsc\src\app\components\home-patient\home-patient.component.js
C:\Users\Haadi\Documents\GitHub\MedCare\MedCare\MedCare.Ang\dist\out-tsc\src\app\components\home-patient\home-patient.component.js.map
C:\Users\Haadi\Documents\GitHub\MedCare\MedCare\MedCare.Ang\dist\out-tsc\src\app\components\navbar\navbar.component.js
C:\Users\Haadi\Documents\GitHub\MedCare\MedCare\MedCare.Ang\dist\out-tsc\src\app\components\navbar\navbar.component.js.map
C:\Users\Haadi\Documents\GitHub\MedCare\MedCare\MedCare.Ang\dist\out-tsc\src\app\components\records\records.component.js
C:\Users\Haadi\Documents\GitHub\MedCare\MedCare\MedCare.Ang\dist\out-tsc\src\app\components\records\records.component.js.map
C:\Users\Haadi\Documents\GitHub\MedCare\MedCare\MedCare.Ang\dist\out-tsc\src\app\components\messages\messages.component.js
C:\Users\Haadi\Documents\GitHub\MedCare\MedCare\MedCare.Ang\dist\out-tsc\src\app\components\messages\messages.component.js.map
C:\Users\Haadi\Documents\GitHub\MedCare\MedCare\MedCare.Ang\dist\out-tsc\src\app\components\home-doctor\home-doctor.component.js
C:\Users\Haadi\Documents\GitHub\MedCare\MedCare\MedCare.Ang\dist\out-tsc\src\app\components\home-doctor\home-doctor.component.js.map
C:\Users\Haadi\Documents\GitHub\MedCare\MedCare\MedCare.Ang\dist\out-tsc\src\app\app.module.js
C:\Users\Haadi\Documents\GitHub\MedCare\MedCare\MedCare.Ang\dist\out-tsc\src\app\app.module.js.map
C:\Users\Haadi\Documents\GitHub\MedCare\MedCare\MedCare.Ang\dist\out-tsc\src\environments\environment.js
C:\Users\Haadi\Documents\GitHub\MedCare\MedCare\MedCare.Ang\dist\out-tsc\src\environments\environment.js.map
C:\Users\Haadi\Documents\GitHub\MedCare\MedCare\MedCare.Ang\dist\out-tsc\src\main.js
C:\Users\Haadi\Documents\GitHub\MedCare\MedCare\MedCare.Ang\dist\out-tsc\src\main.js.map
C:\Users\Haadi\Documents\GitHub\MedCare\MedCare\MedCare.Ang\dist\out-tsc\src\polyfills.js
C:\Users\Haadi\Documents\GitHub\MedCare\MedCare\MedCare.Ang\dist\out-tsc\src\polyfills.js.map
C:\Users\Haadi\Documents\GitHub\MedCare\MedCare\MedCare.Ang\dist\out-tsc\src\test.js
C:\Users\Haadi\Documents\GitHub\MedCare\MedCare\MedCare.Ang\dist\out-tsc\src\test.js.map
C:\Users\Haadi\Documents\GitHub\MedCare\MedCare\MedCare.Ang\dist\out-tsc\src\environments\environment.prod.js
C:\Users\Haadi\Documents\GitHub\MedCare\MedCare\MedCare.Ang\dist\out-tsc\src\environments\environment.prod.js.map
C:\Users\Haadi\Documents\GitHub\MedCare\MedCare\MedCare.Ang\dist\out-tsc\src\app\app.component.spec.js
C:\Users\Haadi\Documents\GitHub\MedCare\MedCare\MedCare.Ang\dist\out-tsc\src\app\app.component.spec.js.map
C:\Users\Haadi\Documents\GitHub\MedCare\MedCare\MedCare.Ang\dist\out-tsc\src\app\services\auth.service.spec.js
C:\Users\Haadi\Documents\GitHub\MedCare\MedCare\MedCare.Ang\dist\out-tsc\src\app\services\auth.service.spec.js.map
C:\Users\Haadi\Documents\GitHub\MedCare\MedCare\MedCare.Ang\dist\out-tsc\src\app\components\records\records.component.spec.js
C:\Users\Haadi\Documents\GitHub\MedCare\MedCare\MedCare.Ang\dist\out-tsc\src\app\components\records\records.component.spec.js.map
C:\Users\Haadi\Documents\GitHub\MedCare\MedCare\MedCare.Ang\dist\out-tsc\src\app\components\navbar\navbar.component.spec.js
C:\Users\Haadi\Documents\GitHub\MedCare\MedCare\MedCare.Ang\dist\out-tsc\src\app\components\navbar\navbar.component.spec.js.map
C:\Users\Haadi\Documents\GitHub\MedCare\MedCare\MedCare.Ang\dist\out-tsc\src\app\components\messages\messages.component.spec.js
C:\Users\Haadi\Documents\GitHub\MedCare\MedCare\MedCare.Ang\dist\out-tsc\src\app\components\messages\messages.component.spec.js.map
C:\Users\Haadi\Documents\GitHub\MedCare\MedCare\MedCare.Ang\dist\out-tsc\src\app\components\home-patient\home-patient.component.spec.js
C:\Users\Haadi\Documents\GitHub\MedCare\MedCare\MedCare.Ang\dist\out-tsc\src\app\components\home-patient\home-patient.component.spec.js.map
C:\Users\Haadi\Documents\GitHub\MedCare\MedCare\MedCare.Ang\dist\out-tsc\src\app\components\home-doctor\home-doctor.component.spec.js
C:\Users\Haadi\Documents\GitHub\MedCare\MedCare\MedCare.Ang\dist\out-tsc\src\app\components\home-doctor\home-doctor.component.spec.js.map
C:\Users\Haadi\Documents\GitHub\MedCare\MedCare\MedCare.Ang\dist\out-tsc\e2e\app.po.js
C:\Users\Haadi\Documents\GitHub\MedCare\MedCare\MedCare.Ang\dist\out-tsc\e2e\app.po.js.map
C:\Users\Haadi\Documents\GitHub\MedCare\MedCare\MedCare.Ang\dist\out-tsc\e2e\app.e2e-spec.js
C:\Users\Haadi\Documents\GitHub\MedCare\MedCare\MedCare.Ang\dist\out-tsc\e2e\app.e2e-spec.js.map
C:\Users\Haadi\Documents\GitHub\MjukvaruMedCare\MedCare\MedCare.Ang\dist\out-tsc\src\app\app.component.js
C:\Users\Haadi\Documents\GitHub\MjukvaruMedCare\MedCare\MedCare.Ang\dist\out-tsc\src\app\app.component.js.map
C:\Users\Haadi\Documents\GitHub\MjukvaruMedCare\MedCare\MedCare.Ang\dist\out-tsc\src\app\components\home\home.component.js
C:\Users\Haadi\Documents\GitHub\MjukvaruMedCare\MedCare\MedCare.Ang\dist\out-tsc\src\app\components\home\home.component.js.map
C:\Users\Haadi\Documents\GitHub\MjukvaruMedCare\MedCare\MedCare.Ang\dist\out-tsc\src\app\components\login\login.component.js
C:\Users\Haadi\Documents\GitHub\MjukvaruMedCare\MedCare\MedCare.Ang\dist\out-tsc\src\app\components\login\login.component.js.map
C:\Users\Haadi\Documents\GitHub\MjukvaruMedCare\MedCare\MedCare.Ang\dist\out-tsc\src\app\components\register\register.component.js
C:\Users\Haadi\Documents\GitHub\MjukvaruMedCare\MedCare\MedCare.Ang\dist\out-tsc\src\app\components\register\register.component.js.map
C:\Users\Haadi\Documents\GitHub\MjukvaruMedCare\MedCare\MedCare.Ang\dist\out-tsc\src\app\services\auth.service.js
C:\Users\Haadi\Documents\GitHub\MjukvaruMedCare\MedCare\MedCare.Ang\dist\out-tsc\src\app\services\auth.service.js.map
C:\Users\Haadi\Documents\GitHub\MjukvaruMedCare\MedCare\MedCare.Ang\dist\out-tsc\src\app\components\home-patient\home-patient.component.js
C:\Users\Haadi\Documents\GitHub\MjukvaruMedCare\MedCare\MedCare.Ang\dist\out-tsc\src\app\components\home-patient\home-patient.component.js.map
C:\Users\Haadi\Documents\GitHub\MjukvaruMedCare\MedCare\MedCare.Ang\dist\out-tsc\src\app\components\navbar\navbar.component.js
C:\Users\Haadi\Documents\GitHub\MjukvaruMedCare\MedCare\MedCare.Ang\dist\out-tsc\src\app\components\navbar\navbar.component.js.map
C:\Users\Haadi\Documents\GitHub\MjukvaruMedCare\MedCare\MedCare.Ang\dist\out-tsc\src\app\components\records\records.component.js
C:\Users\Haadi\Documents\GitHub\MjukvaruMedCare\MedCare\MedCare.Ang\dist\out-tsc\src\app\components\records\records.component.js.map
C:\Users\Haadi\Documents\GitHub\MjukvaruMedCare\MedCare\MedCare.Ang\dist\out-tsc\src\app\components\messages\messages.component.js
C:\Users\Haadi\Documents\GitHub\MjukvaruMedCare\MedCare\MedCare.Ang\dist\out-tsc\src\app\components\messages\messages.component.js.map
C:\Users\Haadi\Documents\GitHub\MjukvaruMedCare\MedCare\MedCare.Ang\dist\out-tsc\src\app\components\home-doctor\home-doctor.component.js
C:\Users\Haadi\Documents\GitHub\MjukvaruMedCare\MedCare\MedCare.Ang\dist\out-tsc\src\app\components\home-doctor\home-doctor.component.js.map
C:\Users\Haadi\Documents\GitHub\MjukvaruMedCare\MedCare\MedCare.Ang\dist\out-tsc\src\app\app.module.js
C:\Users\Haadi\Documents\GitHub\MjukvaruMedCare\MedCare\MedCare.Ang\dist\out-tsc\src\app\app.module.js.map
C:\Users\Haadi\Documents\GitHub\MjukvaruMedCare\MedCare\MedCare.Ang\dist\out-tsc\src\environments\environment.js
C:\Users\Haadi\Documents\GitHub\MjukvaruMedCare\MedCare\MedCare.Ang\dist\out-tsc\src\environments\environment.js.map
C:\Users\Haadi\Documents\GitHub\MjukvaruMedCare\MedCare\MedCare.Ang\dist\out-tsc\src\main.js
C:\Users\Haadi\Documents\GitHub\MjukvaruMedCare\MedCare\MedCare.Ang\dist\out-tsc\src\main.js.map
C:\Users\Haadi\Documents\GitHub\MjukvaruMedCare\MedCare\MedCare.Ang\dist\out-tsc\src\polyfills.js
C:\Users\Haadi\Documents\GitHub\MjukvaruMedCare\MedCare\MedCare.Ang\dist\out-tsc\src\polyfills.js.map
C:\Users\Haadi\Documents\GitHub\MjukvaruMedCare\MedCare\MedCare.Ang\dist\out-tsc\src\test.js
C:\Users\Haadi\Documents\GitHub\MjukvaruMedCare\MedCare\MedCare.Ang\dist\out-tsc\src\test.js.map
C:\Users\Haadi\Documents\GitHub\MjukvaruMedCare\MedCare\MedCare.Ang\dist\out-tsc\src\environments\environment.prod.js
C:\Users\Haadi\Documents\GitHub\MjukvaruMedCare\MedCare\MedCare.Ang\dist\out-tsc\src\environments\environment.prod.js.map
C:\Users\Haadi\Documents\GitHub\MjukvaruMedCare\MedCare\MedCare.Ang\dist\out-tsc\src\app\app.component.spec.js
C:\Users\Haadi\Documents\GitHub\MjukvaruMedCare\MedCare\MedCare.Ang\dist\out-tsc\src\app\app.component.spec.js.map
C:\Users\Haadi\Documents\GitHub\MjukvaruMedCare\MedCare\MedCare.Ang\dist\out-tsc\src\app\services\auth.service.spec.js
C:\Users\Haadi\Documents\GitHub\MjukvaruMedCare\MedCare\MedCare.Ang\dist\out-tsc\src\app\services\auth.service.spec.js.map
C:\Users\Haadi\Documents\GitHub\MjukvaruMedCare\MedCare\MedCare.Ang\dist\out-tsc\src\app\components\register\register.component.spec.js
C:\Users\Haadi\Documents\GitHub\MjukvaruMedCare\MedCare\MedCare.Ang\dist\out-tsc\src\app\components\register\register.component.spec.js.map
C:\Users\Haadi\Documents\GitHub\MjukvaruMedCare\MedCare\MedCare.Ang\dist\out-tsc\src\app\components\records\records.component.spec.js
C:\Users\Haadi\Documents\GitHub\MjukvaruMedCare\MedCare\MedCare.Ang\dist\out-tsc\src\app\components\records\records.component.spec.js.map
C:\Users\Haadi\Documents\GitHub\MjukvaruMedCare\MedCare\MedCare.Ang\dist\out-tsc\src\app\components\navbar\navbar.component.spec.js
C:\Users\Haadi\Documents\GitHub\MjukvaruMedCare\MedCare\MedCare.Ang\dist\out-tsc\src\app\components\navbar\navbar.component.spec.js.map
C:\Users\Haadi\Documents\GitHub\MjukvaruMedCare\MedCare\MedCare.Ang\dist\out-tsc\src\app\components\messages\messages.component.spec.js
C:\Users\Haadi\Documents\GitHub\MjukvaruMedCare\MedCare\MedCare.Ang\dist\out-tsc\src\app\components\messages\messages.component.spec.js.map
C:\Users\Haadi\Documents\GitHub\MjukvaruMedCare\MedCare\MedCare.Ang\dist\out-tsc\src\app\components\login\login.component.spec.js
C:\Users\Haadi\Documents\GitHub\MjukvaruMedCare\MedCare\MedCare.Ang\dist\out-tsc\src\app\components\login\login.component.spec.js.map
C:\Users\Haadi\Documents\GitHub\MjukvaruMedCare\MedCare\MedCare.Ang\dist\out-tsc\src\app\components\home-patient\home-patient.component.spec.js
C:\Users\Haadi\Documents\GitHub\MjukvaruMedCare\MedCare\MedCare.Ang\dist\out-tsc\src\app\components\home-patient\home-patient.component.spec.js.map
C:\Users\Haadi\Documents\GitHub\MjukvaruMedCare\MedCare\MedCare.Ang\dist\out-tsc\src\app\components\home-doctor\home-doctor.component.spec.js
C:\Users\Haadi\Documents\GitHub\MjukvaruMedCare\MedCare\MedCare.Ang\dist\out-tsc\src\app\components\home-doctor\home-doctor.component.spec.js.map
C:\Users\Haadi\Documents\GitHub\MjukvaruMedCare\MedCare\MedCare.Ang\dist\out-tsc\src\app\components\home\home.component.spec.js
C:\Users\Haadi\Documents\GitHub\MjukvaruMedCare\MedCare\MedCare.Ang\dist\out-tsc\src\app\components\home\home.component.spec.js.map
C:\Users\Haadi\Documents\GitHub\MjukvaruMedCare\MedCare\MedCare.Ang\dist\out-tsc\e2e\app.po.js
C:\Users\Haadi\Documents\GitHub\MjukvaruMedCare\MedCare\MedCare.Ang\dist\out-tsc\e2e\app.po.js.map
C:\Users\Haadi\Documents\GitHub\MjukvaruMedCare\MedCare\MedCare.Ang\dist\out-tsc\e2e\app.e2e-spec.js
C:\Users\Haadi\Documents\GitHub\MjukvaruMedCare\MedCare\MedCare.Ang\dist\out-tsc\e2e\app.e2e-spec.js.map
C:\Users\Haadi\Documents\GitHub\MjukvaruMedCare\MedCare\MedCare.Ang\dist\out-tsc\src\app\app.component.js
C:\Users\Haadi\Documents\GitHub\MjukvaruMedCare\MedCare\MedCare.Ang\dist\out-tsc\src\app\app.component.js.map
C:\Users\Haadi\Documents\GitHub\MjukvaruMedCare\MedCare\MedCare.Ang\dist\out-tsc\src\app\components\home\home.component.js
C:\Users\Haadi\Documents\GitHub\MjukvaruMedCare\MedCare\MedCare.Ang\dist\out-tsc\src\app\components\home\home.component.js.map
C:\Users\Haadi\Documents\GitHub\MjukvaruMedCare\MedCare\MedCare.Ang\dist\out-tsc\src\app\components\login\login.component.js
C:\Users\Haadi\Documents\GitHub\MjukvaruMedCare\MedCare\MedCare.Ang\dist\out-tsc\src\app\components\login\login.component.js.map
C:\Users\Haadi\Documents\GitHub\MjukvaruMedCare\MedCare\MedCare.Ang\dist\out-tsc\src\app\components\register\register.component.js
C:\Users\Haadi\Documents\GitHub\MjukvaruMedCare\MedCare\MedCare.Ang\dist\out-tsc\src\app\components\register\register.component.js.map
C:\Users\Haadi\Documents\GitHub\MjukvaruMedCare\MedCare\MedCare.Ang\dist\out-tsc\src\app\services\auth.service.js
C:\Users\Haadi\Documents\GitHub\MjukvaruMedCare\MedCare\MedCare.Ang\dist\out-tsc\src\app\services\auth.service.js.map
C:\Users\Haadi\Documents\GitHub\MjukvaruMedCare\MedCare\MedCare.Ang\dist\out-tsc\src\app\components\home-patient\home-patient.component.js
C:\Users\Haadi\Documents\GitHub\MjukvaruMedCare\MedCare\MedCare.Ang\dist\out-tsc\src\app\components\home-patient\home-patient.component.js.map
C:\Users\Haadi\Documents\GitHub\MjukvaruMedCare\MedCare\MedCare.Ang\dist\out-tsc\src\app\components\navbar\navbar.component.js
C:\Users\Haadi\Documents\GitHub\MjukvaruMedCare\MedCare\MedCare.Ang\dist\out-tsc\src\app\components\navbar\navbar.component.js.map
C:\Users\Haadi\Documents\GitHub\MjukvaruMedCare\MedCare\MedCare.Ang\dist\out-tsc\src\app\components\records\records.component.js
C:\Users\Haadi\Documents\GitHub\MjukvaruMedCare\MedCare\MedCare.Ang\dist\out-tsc\src\app\components\records\records.component.js.map
C:\Users\Haadi\Documents\GitHub\MjukvaruMedCare\MedCare\MedCare.Ang\dist\out-tsc\src\app\components\messages\messages.component.js
C:\Users\Haadi\Documents\GitHub\MjukvaruMedCare\MedCare\MedCare.Ang\dist\out-tsc\src\app\components\messages\messages.component.js.map
C:\Users\Haadi\Documents\GitHub\MjukvaruMedCare\MedCare\MedCare.Ang\dist\out-tsc\src\app\components\home-doctor\home-doctor.component.js
C:\Users\Haadi\Documents\GitHub\MjukvaruMedCare\MedCare\MedCare.Ang\dist\out-tsc\src\app\components\home-doctor\home-doctor.component.js.map
C:\Users\Haadi\Documents\GitHub\MjukvaruMedCare\MedCare\MedCare.Ang\dist\out-tsc\src\app\app.module.js
C:\Users\Haadi\Documents\GitHub\MjukvaruMedCare\MedCare\MedCare.Ang\dist\out-tsc\src\app\app.module.js.map
C:\Users\Haadi\Documents\GitHub\MjukvaruMedCare\MedCare\MedCare.Ang\dist\out-tsc\src\environments\environment.js
C:\Users\Haadi\Documents\GitHub\MjukvaruMedCare\MedCare\MedCare.Ang\dist\out-tsc\src\environments\environment.js.map
C:\Users\Haadi\Documents\GitHub\MjukvaruMedCare\MedCare\MedCare.Ang\dist\out-tsc\src\main.js
C:\Users\Haadi\Documents\GitHub\MjukvaruMedCare\MedCare\MedCare.Ang\dist\out-tsc\src\main.js.map
C:\Users\Haadi\Documents\GitHub\MjukvaruMedCare\MedCare\MedCare.Ang\dist\out-tsc\src\polyfills.js
C:\Users\Haadi\Documents\GitHub\MjukvaruMedCare\MedCare\MedCare.Ang\dist\out-tsc\src\polyfills.js.map
C:\Users\Haadi\Documents\GitHub\MjukvaruMedCare\MedCare\MedCare.Ang\dist\out-tsc\src\test.js
C:\Users\Haadi\Documents\GitHub\MjukvaruMedCare\MedCare\MedCare.Ang\dist\out-tsc\src\test.js.map
C:\Users\Haadi\Documents\GitHub\MjukvaruMedCare\MedCare\MedCare.Ang\dist\out-tsc\src\environments\environment.prod.js
C:\Users\Haadi\Documents\GitHub\MjukvaruMedCare\MedCare\MedCare.Ang\dist\out-tsc\src\environments\environment.prod.js.map
C:\Users\Haadi\Documents\GitHub\MjukvaruMedCare\MedCare\MedCare.Ang\dist\out-tsc\src\app\app.component.spec.js
C:\Users\Haadi\Documents\GitHub\MjukvaruMedCare\MedCare\MedCare.Ang\dist\out-tsc\src\app\app.component.spec.js.map
C:\Users\Haadi\Documents\GitHub\MjukvaruMedCare\MedCare\MedCare.Ang\dist\out-tsc\src\app\services\auth.service.spec.js
C:\Users\Haadi\Documents\GitHub\MjukvaruMedCare\MedCare\MedCare.Ang\dist\out-tsc\src\app\services\auth.service.spec.js.map
C:\Users\Haadi\Documents\GitHub\MjukvaruMedCare\MedCare\MedCare.Ang\dist\out-tsc\src\app\components\register\register.component.spec.js
C:\Users\Haadi\Documents\GitHub\MjukvaruMedCare\MedCare\MedCare.Ang\dist\out-tsc\src\app\components\register\register.component.spec.js.map
C:\Users\Haadi\Documents\GitHub\MjukvaruMedCare\MedCare\MedCare.Ang\dist\out-tsc\src\app\components\records\records.component.spec.js
C:\Users\Haadi\Documents\GitHub\MjukvaruMedCare\MedCare\MedCare.Ang\dist\out-tsc\src\app\components\records\records.component.spec.js.map
C:\Users\Haadi\Documents\GitHub\MjukvaruMedCare\MedCare\MedCare.Ang\dist\out-tsc\src\app\components\navbar\navbar.component.spec.js
C:\Users\Haadi\Documents\GitHub\MjukvaruMedCare\MedCare\MedCare.Ang\dist\out-tsc\src\app\components\navbar\navbar.component.spec.js.map
C:\Users\Haadi\Documents\GitHub\MjukvaruMedCare\MedCare\MedCare.Ang\dist\out-tsc\src\app\components\messages\messages.component.spec.js
C:\Users\Haadi\Documents\GitHub\MjukvaruMedCare\MedCare\MedCare.Ang\dist\out-tsc\src\app\components\messages\messages.component.spec.js.map
C:\Users\Haadi\Documents\GitHub\MjukvaruMedCare\MedCare\MedCare.Ang\dist\out-tsc\src\app\components\login\login.component.spec.js
C:\Users\Haadi\Documents\GitHub\MjukvaruMedCare\MedCare\MedCare.Ang\dist\out-tsc\src\app\components\login\login.component.spec.js.map
C:\Users\Haadi\Documents\GitHub\MjukvaruMedCare\MedCare\MedCare.Ang\dist\out-tsc\src\app\components\home-patient\home-patient.component.spec.js
C:\Users\Haadi\Documents\GitHub\MjukvaruMedCare\MedCare\MedCare.Ang\dist\out-tsc\src\app\components\home-patient\home-patient.component.spec.js.map
C:\Users\Haadi\Documents\GitHub\MjukvaruMedCare\MedCare\MedCare.Ang\dist\out-tsc\src\app\components\home-doctor\home-doctor.component.spec.js
C:\Users\Haadi\Documents\GitHub\MjukvaruMedCare\MedCare\MedCare.Ang\dist\out-tsc\src\app\components\home-doctor\home-doctor.component.spec.js.map
C:\Users\Haadi\Documents\GitHub\MjukvaruMedCare\MedCare\MedCare.Ang\dist\out-tsc\src\app\components\home\home.component.spec.js
C:\Users\Haadi\Documents\GitHub\MjukvaruMedCare\MedCare\MedCare.Ang\dist\out-tsc\src\app\components\home\home.component.spec.js.map
C:\Users\Haadi\Documents\GitHub\MjukvaruMedCare\MedCare\MedCare.Ang\dist\out-tsc\e2e\app.po.js
C:\Users\Haadi\Documents\GitHub\MjukvaruMedCare\MedCare\MedCare.Ang\dist\out-tsc\e2e\app.po.js.map
C:\Users\Haadi\Documents\GitHub\MjukvaruMedCare\MedCare\MedCare.Ang\dist\out-tsc\e2e\app.e2e-spec.js
C:\Users\Haadi\Documents\GitHub\MjukvaruMedCare\MedCare\MedCare.Ang\dist\out-tsc\e2e\app.e2e-spec.js.map
C:\Users\Haadi\Documents\GitHub\MjukvaruMedCare\MedCare\MedCare.Ang\dist\out-tsc\src\app\app.component.js
C:\Users\Haadi\Documents\GitHub\MjukvaruMedCare\MedCare\MedCare.Ang\dist\out-tsc\src\app\app.component.js.map
C:\Users\Haadi\Documents\GitHub\MjukvaruMedCare\MedCare\MedCare.Ang\dist\out-tsc\src\app\components\home\home.component.js
C:\Users\Haadi\Documents\GitHub\MjukvaruMedCare\MedCare\MedCare.Ang\dist\out-tsc\src\app\components\home\home.component.js.map
C:\Users\Haadi\Documents\GitHub\MjukvaruMedCare\MedCare\MedCare.Ang\dist\out-tsc\src\app\components\login\login.component.js
C:\Users\Haadi\Documents\GitHub\MjukvaruMedCare\MedCare\MedCare.Ang\dist\out-tsc\src\app\components\login\login.component.js.map
C:\Users\Haadi\Documents\GitHub\MjukvaruMedCare\MedCare\MedCare.Ang\dist\out-tsc\src\app\components\register\register.component.js
C:\Users\Haadi\Documents\GitHub\MjukvaruMedCare\MedCare\MedCare.Ang\dist\out-tsc\src\app\components\register\register.component.js.map
C:\Users\Haadi\Documents\GitHub\MjukvaruMedCare\MedCare\MedCare.Ang\dist\out-tsc\src\app\services\auth.service.js
C:\Users\Haadi\Documents\GitHub\MjukvaruMedCare\MedCare\MedCare.Ang\dist\out-tsc\src\app\services\auth.service.js.map
C:\Users\Haadi\Documents\GitHub\MjukvaruMedCare\MedCare\MedCare.Ang\dist\out-tsc\src\app\components\home-patient\home-patient.component.js
C:\Users\Haadi\Documents\GitHub\MjukvaruMedCare\MedCare\MedCare.Ang\dist\out-tsc\src\app\components\home-patient\home-patient.component.js.map
C:\Users\Haadi\Documents\GitHub\MjukvaruMedCare\MedCare\MedCare.Ang\dist\out-tsc\src\app\components\navbar\navbar.component.js
C:\Users\Haadi\Documents\GitHub\MjukvaruMedCare\MedCare\MedCare.Ang\dist\out-tsc\src\app\components\navbar\navbar.component.js.map
C:\Users\Haadi\Documents\GitHub\MjukvaruMedCare\MedCare\MedCare.Ang\dist\out-tsc\src\app\components\records\records.component.js
C:\Users\Haadi\Documents\GitHub\MjukvaruMedCare\MedCare\MedCare.Ang\dist\out-tsc\src\app\components\records\records.component.js.map
C:\Users\Haadi\Documents\GitHub\MjukvaruMedCare\MedCare\MedCare.Ang\dist\out-tsc\src\app\components\messages\messages.component.js
C:\Users\Haadi\Documents\GitHub\MjukvaruMedCare\MedCare\MedCare.Ang\dist\out-tsc\src\app\components\messages\messages.component.js.map
C:\Users\Haadi\Documents\GitHub\MjukvaruMedCare\MedCare\MedCare.Ang\dist\out-tsc\src\app\components\home-doctor\home-doctor.component.js
C:\Users\Haadi\Documents\GitHub\MjukvaruMedCare\MedCare\MedCare.Ang\dist\out-tsc\src\app\components\home-doctor\home-doctor.component.js.map
C:\Users\Haadi\Documents\GitHub\MjukvaruMedCare\MedCare\MedCare.Ang\dist\out-tsc\src\app\app.module.js
C:\Users\Haadi\Documents\GitHub\MjukvaruMedCare\MedCare\MedCare.Ang\dist\out-tsc\src\app\app.module.js.map
C:\Users\Haadi\Documents\GitHub\MjukvaruMedCare\MedCare\MedCare.Ang\dist\out-tsc\src\environments\environment.js
C:\Users\Haadi\Documents\GitHub\MjukvaruMedCare\MedCare\MedCare.Ang\dist\out-tsc\src\environments\environment.js.map
C:\Users\Haadi\Documents\GitHub\MjukvaruMedCare\MedCare\MedCare.Ang\dist\out-tsc\src\main.js
C:\Users\Haadi\Documents\GitHub\MjukvaruMedCare\MedCare\MedCare.Ang\dist\out-tsc\src\main.js.map
C:\Users\Haadi\Documents\GitHub\MjukvaruMedCare\MedCare\MedCare.Ang\dist\out-tsc\src\polyfills.js
C:\Users\Haadi\Documents\GitHub\MjukvaruMedCare\MedCare\MedCare.Ang\dist\out-tsc\src\polyfills.js.map
C:\Users\Haadi\Documents\GitHub\MjukvaruMedCare\MedCare\MedCare.Ang\dist\out-tsc\src\test.js
C:\Users\Haadi\Documents\GitHub\MjukvaruMedCare\MedCare\MedCare.Ang\dist\out-tsc\src\test.js.map
C:\Users\Haadi\Documents\GitHub\MjukvaruMedCare\MedCare\MedCare.Ang\dist\out-tsc\src\environments\environment.prod.js
C:\Users\Haadi\Documents\GitHub\MjukvaruMedCare\MedCare\MedCare.Ang\dist\out-tsc\src\environments\environment.prod.js.map
C:\Users\Haadi\Documents\GitHub\MjukvaruMedCare\MedCare\MedCare.Ang\dist\out-tsc\src\app\app.component.spec.js
C:\Users\Haadi\Documents\GitHub\MjukvaruMedCare\MedCare\MedCare.Ang\dist\out-tsc\src\app\app.component.spec.js.map
C:\Users\Haadi\Documents\GitHub\MjukvaruMedCare\MedCare\MedCare.Ang\dist\out-tsc\src\app\services\auth.service.spec.js
C:\Users\Haadi\Documents\GitHub\MjukvaruMedCare\MedCare\MedCare.Ang\dist\out-tsc\src\app\services\auth.service.spec.js.map
C:\Users\Haadi\Documents\GitHub\MjukvaruMedCare\MedCare\MedCare.Ang\dist\out-tsc\src\app\components\register\register.component.spec.js
C:\Users\Haadi\Documents\GitHub\MjukvaruMedCare\MedCare\MedCare.Ang\dist\out-tsc\src\app\components\register\register.component.spec.js.map
C:\Users\Haadi\Documents\GitHub\MjukvaruMedCare\MedCare\MedCare.Ang\dist\out-tsc\src\app\components\records\records.component.spec.js
C:\Users\Haadi\Documents\GitHub\MjukvaruMedCare\MedCare\MedCare.Ang\dist\out-tsc\src\app\components\records\records.component.spec.js.map
C:\Users\Haadi\Documents\GitHub\MjukvaruMedCare\MedCare\MedCare.Ang\dist\out-tsc\src\app\components\navbar\navbar.component.spec.js
C:\Users\Haadi\Documents\GitHub\MjukvaruMedCare\MedCare\MedCare.Ang\dist\out-tsc\src\app\components\navbar\navbar.component.spec.js.map
C:\Users\Haadi\Documents\GitHub\MjukvaruMedCare\MedCare\MedCare.Ang\dist\out-tsc\src\app\components\messages\messages.component.spec.js
C:\Users\Haadi\Documents\GitHub\MjukvaruMedCare\MedCare\MedCare.Ang\dist\out-tsc\src\app\components\messages\messages.component.spec.js.map
C:\Users\Haadi\Documents\GitHub\MjukvaruMedCare\MedCare\MedCare.Ang\dist\out-tsc\src\app\components\login\login.component.spec.js
C:\Users\Haadi\Documents\GitHub\MjukvaruMedCare\MedCare\MedCare.Ang\dist\out-tsc\src\app\components\login\login.component.spec.js.map
C:\Users\Haadi\Documents\GitHub\MjukvaruMedCare\MedCare\MedCare.Ang\dist\out-tsc\src\app\components\home-patient\home-patient.component.spec.js
C:\Users\Haadi\Documents\GitHub\MjukvaruMedCare\MedCare\MedCare.Ang\dist\out-tsc\src\app\components\home-patient\home-patient.component.spec.js.map
C:\Users\Haadi\Documents\GitHub\MjukvaruMedCare\MedCare\MedCare.Ang\dist\out-tsc\src\app\components\home-doctor\home-doctor.component.spec.js
C:\Users\Haadi\Documents\GitHub\MjukvaruMedCare\MedCare\MedCare.Ang\dist\out-tsc\src\app\components\home-doctor\home-doctor.component.spec.js.map
C:\Users\Haadi\Documents\GitHub\MjukvaruMedCare\MedCare\MedCare.Ang\dist\out-tsc\src\app\components\home\home.component.spec.js
C:\Users\Haadi\Documents\GitHub\MjukvaruMedCare\MedCare\MedCare.Ang\dist\out-tsc\src\app\components\home\home.component.spec.js.map
C:\Users\Haadi\Documents\GitHub\MjukvaruMedCare\MedCare\MedCare.Ang\dist\out-tsc\e2e\app.po.js
C:\Users\Haadi\Documents\GitHub\MjukvaruMedCare\MedCare\MedCare.Ang\dist\out-tsc\e2e\app.po.js.map
C:\Users\Haadi\Documents\GitHub\MjukvaruMedCare\MedCare\MedCare.Ang\dist\out-tsc\e2e\app.e2e-spec.js
C:\Users\Haadi\Documents\GitHub\MjukvaruMedCare\MedCare\MedCare.Ang\dist\out-tsc\e2e\app.e2e-spec.js.map
C:\Users\Haadi\Documents\GitHub\MjukvaruMedCare\MedCare\MedCare.Ang\dist\out-tsc\src\app\app.component.js
C:\Users\Haadi\Documents\GitHub\MjukvaruMedCare\MedCare\MedCare.Ang\dist\out-tsc\src\app\app.component.js.map
C:\Users\Haadi\Documents\GitHub\MjukvaruMedCare\MedCare\MedCare.Ang\dist\out-tsc\src\app\components\home\home.component.js
C:\Users\Haadi\Documents\GitHub\MjukvaruMedCare\MedCare\MedCare.Ang\dist\out-tsc\src\app\components\home\home.component.js.map
C:\Users\Haadi\Documents\GitHub\MjukvaruMedCare\MedCare\MedCare.Ang\dist\out-tsc\src\app\components\login\login.component.js
C:\Users\Haadi\Documents\GitHub\MjukvaruMedCare\MedCare\MedCare.Ang\dist\out-tsc\src\app\components\login\login.component.js.map
C:\Users\Haadi\Documents\GitHub\MjukvaruMedCare\MedCare\MedCare.Ang\dist\out-tsc\src\app\components\register\register.component.js
C:\Users\Haadi\Documents\GitHub\MjukvaruMedCare\MedCare\MedCare.Ang\dist\out-tsc\src\app\components\register\register.component.js.map
C:\Users\Haadi\Documents\GitHub\MjukvaruMedCare\MedCare\MedCare.Ang\dist\out-tsc\src\app\services\auth.service.js
C:\Users\Haadi\Documents\GitHub\MjukvaruMedCare\MedCare\MedCare.Ang\dist\out-tsc\src\app\services\auth.service.js.map
C:\Users\Haadi\Documents\GitHub\MjukvaruMedCare\MedCare\MedCare.Ang\dist\out-tsc\src\app\components\home-patient\home-patient.component.js
C:\Users\Haadi\Documents\GitHub\MjukvaruMedCare\MedCare\MedCare.Ang\dist\out-tsc\src\app\components\home-patient\home-patient.component.js.map
C:\Users\Haadi\Documents\GitHub\MjukvaruMedCare\MedCare\MedCare.Ang\dist\out-tsc\src\app\components\navbar\navbar.component.js
C:\Users\Haadi\Documents\GitHub\MjukvaruMedCare\MedCare\MedCare.Ang\dist\out-tsc\src\app\components\navbar\navbar.component.js.map
C:\Users\Haadi\Documents\GitHub\MjukvaruMedCare\MedCare\MedCare.Ang\dist\out-tsc\src\app\components\records\records.component.js
C:\Users\Haadi\Documents\GitHub\MjukvaruMedCare\MedCare\MedCare.Ang\dist\out-tsc\src\app\components\records\records.component.js.map
C:\Users\Haadi\Documents\GitHub\MjukvaruMedCare\MedCare\MedCare.Ang\dist\out-tsc\src\app\components\messages\messages.component.js
C:\Users\Haadi\Documents\GitHub\MjukvaruMedCare\MedCare\MedCare.Ang\dist\out-tsc\src\app\components\messages\messages.component.js.map
C:\Users\Haadi\Documents\GitHub\MjukvaruMedCare\MedCare\MedCare.Ang\dist\out-tsc\src\app\components\home-doctor\home-doctor.component.js
C:\Users\Haadi\Documents\GitHub\MjukvaruMedCare\MedCare\MedCare.Ang\dist\out-tsc\src\app\components\home-doctor\home-doctor.component.js.map
C:\Users\Haadi\Documents\GitHub\MjukvaruMedCare\MedCare\MedCare.Ang\dist\out-tsc\src\app\app.module.js
C:\Users\Haadi\Documents\GitHub\MjukvaruMedCare\MedCare\MedCare.Ang\dist\out-tsc\src\app\app.module.js.map
C:\Users\Haadi\Documents\GitHub\MjukvaruMedCare\MedCare\MedCare.Ang\dist\out-tsc\src\environments\environment.js
C:\Users\Haadi\Documents\GitHub\MjukvaruMedCare\MedCare\MedCare.Ang\dist\out-tsc\src\environments\environment.js.map
C:\Users\Haadi\Documents\GitHub\MjukvaruMedCare\MedCare\MedCare.Ang\dist\out-tsc\src\main.js
C:\Users\Haadi\Documents\GitHub\MjukvaruMedCare\MedCare\MedCare.Ang\dist\out-tsc\src\main.js.map
C:\Users\Haadi\Documents\GitHub\MjukvaruMedCare\MedCare\MedCare.Ang\dist\out-tsc\src\polyfills.js
C:\Users\Haadi\Documents\GitHub\MjukvaruMedCare\MedCare\MedCare.Ang\dist\out-tsc\src\polyfills.js.map
C:\Users\Haadi\Documents\GitHub\MjukvaruMedCare\MedCare\MedCare.Ang\dist\out-tsc\src\test.js
C:\Users\Haadi\Documents\GitHub\MjukvaruMedCare\MedCare\MedCare.Ang\dist\out-tsc\src\test.js.map
C:\Users\Haadi\Documents\GitHub\MjukvaruMedCare\MedCare\MedCare.Ang\dist\out-tsc\src\environments\environment.prod.js
C:\Users\Haadi\Documents\GitHub\MjukvaruMedCare\MedCare\MedCare.Ang\dist\out-tsc\src\environments\environment.prod.js.map
C:\Users\Haadi\Documents\GitHub\MjukvaruMedCare\MedCare\MedCare.Ang\dist\out-tsc\src\app\app.component.spec.js
C:\Users\Haadi\Documents\GitHub\MjukvaruMedCare\MedCare\MedCare.Ang\dist\out-tsc\src\app\app.component.spec.js.map
C:\Users\Haadi\Documents\GitHub\MjukvaruMedCare\MedCare\MedCare.Ang\dist\out-tsc\src\app\services\auth.service.spec.js
C:\Users\Haadi\Documents\GitHub\MjukvaruMedCare\MedCare\MedCare.Ang\dist\out-tsc\src\app\services\auth.service.spec.js.map
C:\Users\Haadi\Documents\GitHub\MjukvaruMedCare\MedCare\MedCare.Ang\dist\out-tsc\src\app\components\register\register.component.spec.js
C:\Users\Haadi\Documents\GitHub\MjukvaruMedCare\MedCare\MedCare.Ang\dist\out-tsc\src\app\components\register\register.component.spec.js.map
C:\Users\Haadi\Documents\GitHub\MjukvaruMedCare\MedCare\MedCare.Ang\dist\out-tsc\src\app\components\records\records.component.spec.js
C:\Users\Haadi\Documents\GitHub\MjukvaruMedCare\MedCare\MedCare.Ang\dist\out-tsc\src\app\components\records\records.component.spec.js.map
C:\Users\Haadi\Documents\GitHub\MjukvaruMedCare\MedCare\MedCare.Ang\dist\out-tsc\src\app\components\navbar\navbar.component.spec.js
C:\Users\Haadi\Documents\GitHub\MjukvaruMedCare\MedCare\MedCare.Ang\dist\out-tsc\src\app\components\navbar\navbar.component.spec.js.map
C:\Users\Haadi\Documents\GitHub\MjukvaruMedCare\MedCare\MedCare.Ang\dist\out-tsc\src\app\components\messages\messages.component.spec.js
C:\Users\Haadi\Documents\GitHub\MjukvaruMedCare\MedCare\MedCare.Ang\dist\out-tsc\src\app\components\messages\messages.component.spec.js.map
C:\Users\Haadi\Documents\GitHub\MjukvaruMedCare\MedCare\MedCare.Ang\dist\out-tsc\src\app\components\login\login.component.spec.js
C:\Users\Haadi\Documents\GitHub\MjukvaruMedCare\MedCare\MedCare.Ang\dist\out-tsc\src\app\components\login\login.component.spec.js.map
C:\Users\Haadi\Documents\GitHub\MjukvaruMedCare\MedCare\MedCare.Ang\dist\out-tsc\src\app\components\home-patient\home-patient.component.spec.js
C:\Users\Haadi\Documents\GitHub\MjukvaruMedCare\MedCare\MedCare.Ang\dist\out-tsc\src\app\components\home-patient\home-patient.component.spec.js.map
C:\Users\Haadi\Documents\GitHub\MjukvaruMedCare\MedCare\MedCare.Ang\dist\out-tsc\src\app\components\home-doctor\home-doctor.component.spec.js
C:\Users\Haadi\Documents\GitHub\MjukvaruMedCare\MedCare\MedCare.Ang\dist\out-tsc\src\app\components\home-doctor\home-doctor.component.spec.js.map
C:\Users\Haadi\Documents\GitHub\MjukvaruMedCare\MedCare\MedCare.Ang\dist\out-tsc\src\app\components\home\home.component.spec.js
C:\Users\Haadi\Documents\GitHub\MjukvaruMedCare\MedCare\MedCare.Ang\dist\out-tsc\src\app\components\home\home.component.spec.js.map
C:\Users\Haadi\Documents\GitHub\MjukvaruMedCare\MedCare\MedCare.Ang\dist\out-tsc\e2e\app.po.js
C:\Users\Haadi\Documents\GitHub\MjukvaruMedCare\MedCare\MedCare.Ang\dist\out-tsc\e2e\app.po.js.map
C:\Users\Haadi\Documents\GitHub\MjukvaruMedCare\MedCare\MedCare.Ang\dist\out-tsc\e2e\app.e2e-spec.js
C:\Users\Haadi\Documents\GitHub\MjukvaruMedCare\MedCare\MedCare.Ang\dist\out-tsc\e2e\app.e2e-spec.js.map
C:\Users\Haadi\Documents\GitHub\MjukvaruMedCare\MedCare\MedCare.Ang\dist\out-tsc\src\app\app.component.js
C:\Users\Haadi\Documents\GitHub\MjukvaruMedCare\MedCare\MedCare.Ang\dist\out-tsc\src\app\app.component.js.map
C:\Users\Haadi\Documents\GitHub\MjukvaruMedCare\MedCare\MedCare.Ang\dist\out-tsc\src\app\components\home\home.component.js
C:\Users\Haadi\Documents\GitHub\MjukvaruMedCare\MedCare\MedCare.Ang\dist\out-tsc\src\app\components\home\home.component.js.map
C:\Users\Haadi\Documents\GitHub\MjukvaruMedCare\MedCare\MedCare.Ang\dist\out-tsc\src\app\components\login\login.component.js
C:\Users\Haadi\Documents\GitHub\MjukvaruMedCare\MedCare\MedCare.Ang\dist\out-tsc\src\app\components\login\login.component.js.map
C:\Users\Haadi\Documents\GitHub\MjukvaruMedCare\MedCare\MedCare.Ang\dist\out-tsc\src\app\components\register\register.component.js
C:\Users\Haadi\Documents\GitHub\MjukvaruMedCare\MedCare\MedCare.Ang\dist\out-tsc\src\app\components\register\register.component.js.map
C:\Users\Haadi\Documents\GitHub\MjukvaruMedCare\MedCare\MedCare.Ang\dist\out-tsc\src\app\services\auth.service.js
C:\Users\Haadi\Documents\GitHub\MjukvaruMedCare\MedCare\MedCare.Ang\dist\out-tsc\src\app\services\auth.service.js.map
C:\Users\Haadi\Documents\GitHub\MjukvaruMedCare\MedCare\MedCare.Ang\dist\out-tsc\src\app\components\home-patient\home-patient.component.js
C:\Users\Haadi\Documents\GitHub\MjukvaruMedCare\MedCare\MedCare.Ang\dist\out-tsc\src\app\components\home-patient\home-patient.component.js.map
C:\Users\Haadi\Documents\GitHub\MjukvaruMedCare\MedCare\MedCare.Ang\dist\out-tsc\src\app\components\navbar\navbar.component.js
C:\Users\Haadi\Documents\GitHub\MjukvaruMedCare\MedCare\MedCare.Ang\dist\out-tsc\src\app\components\navbar\navbar.component.js.map
C:\Users\Haadi\Documents\GitHub\MjukvaruMedCare\MedCare\MedCare.Ang\dist\out-tsc\src\app\components\records\records.component.js
C:\Users\Haadi\Documents\GitHub\MjukvaruMedCare\MedCare\MedCare.Ang\dist\out-tsc\src\app\components\records\records.component.js.map
C:\Users\Haadi\Documents\GitHub\MjukvaruMedCare\MedCare\MedCare.Ang\dist\out-tsc\src\app\components\messages\messages.component.js
C:\Users\Haadi\Documents\GitHub\MjukvaruMedCare\MedCare\MedCare.Ang\dist\out-tsc\src\app\components\messages\messages.component.js.map
C:\Users\Haadi\Documents\GitHub\MjukvaruMedCare\MedCare\MedCare.Ang\dist\out-tsc\src\app\components\home-doctor\home-doctor.component.js
C:\Users\Haadi\Documents\GitHub\MjukvaruMedCare\MedCare\MedCare.Ang\dist\out-tsc\src\app\components\home-doctor\home-doctor.component.js.map
C:\Users\Haadi\Documents\GitHub\MjukvaruMedCare\MedCare\MedCare.Ang\dist\out-tsc\src\app\app.module.js
C:\Users\Haadi\Documents\GitHub\MjukvaruMedCare\MedCare\MedCare.Ang\dist\out-tsc\src\app\app.module.js.map
C:\Users\Haadi\Documents\GitHub\MjukvaruMedCare\MedCare\MedCare.Ang\dist\out-tsc\src\environments\environment.js
C:\Users\Haadi\Documents\GitHub\MjukvaruMedCare\MedCare\MedCare.Ang\dist\out-tsc\src\environments\environment.js.map
C:\Users\Haadi\Documents\GitHub\MjukvaruMedCare\MedCare\MedCare.Ang\dist\out-tsc\src\main.js
C:\Users\Haadi\Documents\GitHub\MjukvaruMedCare\MedCare\MedCare.Ang\dist\out-tsc\src\main.js.map
C:\Users\Haadi\Documents\GitHub\MjukvaruMedCare\MedCare\MedCare.Ang\dist\out-tsc\src\polyfills.js
C:\Users\Haadi\Documents\GitHub\MjukvaruMedCare\MedCare\MedCare.Ang\dist\out-tsc\src\polyfills.js.map
C:\Users\Haadi\Documents\GitHub\MjukvaruMedCare\MedCare\MedCare.Ang\dist\out-tsc\src\test.js
C:\Users\Haadi\Documents\GitHub\MjukvaruMedCare\MedCare\MedCare.Ang\dist\out-tsc\src\test.js.map
C:\Users\Haadi\Documents\GitHub\MjukvaruMedCare\MedCare\MedCare.Ang\dist\out-tsc\src\environments\environment.prod.js
C:\Users\Haadi\Documents\GitHub\MjukvaruMedCare\MedCare\MedCare.Ang\dist\out-tsc\src\environments\environment.prod.js.map
C:\Users\Haadi\Documents\GitHub\MjukvaruMedCare\MedCare\MedCare.Ang\dist\out-tsc\src\app\app.component.spec.js
C:\Users\Haadi\Documents\GitHub\MjukvaruMedCare\MedCare\MedCare.Ang\dist\out-tsc\src\app\app.component.spec.js.map
C:\Users\Haadi\Documents\GitHub\MjukvaruMedCare\MedCare\MedCare.Ang\dist\out-tsc\src\app\services\auth.service.spec.js
C:\Users\Haadi\Documents\GitHub\MjukvaruMedCare\MedCare\MedCare.Ang\dist\out-tsc\src\app\services\auth.service.spec.js.map
C:\Users\Haadi\Documents\GitHub\MjukvaruMedCare\MedCare\MedCare.Ang\dist\out-tsc\src\app\components\register\register.component.spec.js
C:\Users\Haadi\Documents\GitHub\MjukvaruMedCare\MedCare\MedCare.Ang\dist\out-tsc\src\app\components\register\register.component.spec.js.map
C:\Users\Haadi\Documents\GitHub\MjukvaruMedCare\MedCare\MedCare.Ang\dist\out-tsc\src\app\components\records\records.component.spec.js
C:\Users\Haadi\Documents\GitHub\MjukvaruMedCare\MedCare\MedCare.Ang\dist\out-tsc\src\app\components\records\records.component.spec.js.map
C:\Users\Haadi\Documents\GitHub\MjukvaruMedCare\MedCare\MedCare.Ang\dist\out-tsc\src\app\components\navbar\navbar.component.spec.js
C:\Users\Haadi\Documents\GitHub\MjukvaruMedCare\MedCare\MedCare.Ang\dist\out-tsc\src\app\components\navbar\navbar.component.spec.js.map
C:\Users\Haadi\Documents\GitHub\MjukvaruMedCare\MedCare\MedCare.Ang\dist\out-tsc\src\app\components\messages\messages.component.spec.js
C:\Users\Haadi\Documents\GitHub\MjukvaruMedCare\MedCare\MedCare.Ang\dist\out-tsc\src\app\components\messages\messages.component.spec.js.map
C:\Users\Haadi\Documents\GitHub\MjukvaruMedCare\MedCare\MedCare.Ang\dist\out-tsc\src\app\components\login\login.component.spec.js
C:\Users\Haadi\Documents\GitHub\MjukvaruMedCare\MedCare\MedCare.Ang\dist\out-tsc\src\app\components\login\login.component.spec.js.map
C:\Users\Haadi\Documents\GitHub\MjukvaruMedCare\MedCare\MedCare.Ang\dist\out-tsc\src\app\components\home-patient\home-patient.component.spec.js
C:\Users\Haadi\Documents\GitHub\MjukvaruMedCare\MedCare\MedCare.Ang\dist\out-tsc\src\app\components\home-patient\home-patient.component.spec.js.map
C:\Users\Haadi\Documents\GitHub\MjukvaruMedCare\MedCare\MedCare.Ang\dist\out-tsc\src\app\components\home-doctor\home-doctor.component.spec.js
C:\Users\Haadi\Documents\GitHub\MjukvaruMedCare\MedCare\MedCare.Ang\dist\out-tsc\src\app\components\home-doctor\home-doctor.component.spec.js.map
C:\Users\Haadi\Documents\GitHub\MjukvaruMedCare\MedCare\MedCare.Ang\dist\out-tsc\src\app\components\home\home.component.spec.js
C:\Users\Haadi\Documents\GitHub\MjukvaruMedCare\MedCare\MedCare.Ang\dist\out-tsc\src\app\components\home\home.component.spec.js.map
C:\Users\Haadi\Documents\GitHub\MjukvaruMedCare\MedCare\MedCare.Ang\dist\out-tsc\e2e\app.po.js
C:\Users\Haadi\Documents\GitHub\MjukvaruMedCare\MedCare\MedCare.Ang\dist\out-tsc\e2e\app.po.js.map
C:\Users\Haadi\Documents\GitHub\MjukvaruMedCare\MedCare\MedCare.Ang\dist\out-tsc\e2e\app.e2e-spec.js
C:\Users\Haadi\Documents\GitHub\MjukvaruMedCare\MedCare\MedCare.Ang\dist\out-tsc\e2e\app.e2e-spec.js.map
